<?xml version="1.0" encoding="UTF-8"?>
<testsuite xmlns:xsi="http://www.w3.org/2001/XMLSchema-instance" xsi:noNamespaceSchemaLocation="https://maven.apache.org/surefire/maven-surefire-plugin/xsd/surefire-test-report.xsd" version="3.0.2" name="com.workshop.taskmanager.TaskManagerApplicationTests" time="5.123" tests="1" errors="0" skipped="0" failures="0">
  <properties>
[...]
</properties>
  <testcase name="contextLoads" classname="com.workshop.taskmanager.TaskManagerApplicationTests" time="0.507">
    <system-out><![CDATA[21:28:44.934 [main] INFO org.springframework.test.context.support.AnnotationConfigContextLoaderUtils -- Could not detect default configuration classes for test class [com.workshop.taskmanager.TaskManagerApplicationTests]: TaskManagerApplicationTests does not declare any static, non-private, non-final, nested classes annotated with @Configuration.
21:28:45.022 [main] INFO org.springframework.boot.test.context.SpringBootTestContextBootstrapper -- Found @SpringBootConfiguration com.workshop.taskmanager.TaskManagerApplication for test class com.workshop.taskmanager.TaskManagerApplicationTests

  .   ____          _            __ _ _
 /\\ / ___'_ __ _ _(_)_ __  __ _ \ \ \ \
( ( )\___ | '_ | '_| | '_ \/ _` | \ \ \ \
 \\/  ___)| |_)| | | | | || (_| |  ) ) ) )
  '  |____| .__|_| |_|_| |_\__, | / / / /
 =========|_|==============|___/=/_/_/_/

 :: Spring Boot ::                (v3.5.5)

2025-08-24T21:28:45.412+08:00  INFO 28112 --- [TaskManager] [           main] c.w.t.TaskManagerApplicationTests        : Starting TaskManagerApplicationTests using Java 17.0.16 with PID 28112 (started by CAOAL4 in C:\Users\CAOAL4\Documents\ITABootcampActivities\Week3\Day4\TaskManager\task-manager)
2025-08-24T21:28:45.417+08:00  INFO 28112 --- [TaskManager] [           main] c.w.t.TaskManagerApplicationTests        : No active profile set, falling back to 1 default profile: "default"
2025-08-24T21:28:46.011+08:00  INFO 28112 --- [TaskManager] [           main] .s.d.r.c.RepositoryConfigurationDelegate : Bootstrapping Spring Data JPA repositories in DEFAULT mode.
2025-08-24T21:28:46.057+08:00  INFO 28112 --- [TaskManager] [           main] .s.d.r.c.RepositoryConfigurationDelegate : Finished Spring Data repository scanning in 39 ms. Found 1 JPA repository interface.
2025-08-24T21:28:46.477+08:00  INFO 28112 --- [TaskManager] [           main] o.hibernate.jpa.internal.util.LogHelper  : HHH000204: Processing PersistenceUnitInfo [name: default]
2025-08-24T21:28:46.525+08:00  INFO 28112 --- [TaskManager] [           main] org.hibernate.Version                    : HHH000412: Hibernate ORM core version 6.6.26.Final
2025-08-24T21:28:46.562+08:00  INFO 28112 --- [TaskManager] [           main] o.h.c.internal.RegionFactoryInitiator    : HHH000026: Second-level cache disabled
2025-08-24T21:28:46.891+08:00  INFO 28112 --- [TaskManager] [           main] o.s.o.j.p.SpringPersistenceUnitInfo      : No LoadTimeWeaver setup: ignoring JPA class transformer
2025-08-24T21:28:46.906+08:00  INFO 28112 --- [TaskManager] [           main] com.zaxxer.hikari.HikariDataSource       : HikariPool-1 - Starting...
2025-08-24T21:28:47.154+08:00  INFO 28112 --- [TaskManager] [           main] com.zaxxer.hikari.pool.HikariPool        : HikariPool-1 - Added connection com.mysql.cj.jdbc.ConnectionImpl@3cf8a235
2025-08-24T21:28:47.157+08:00  INFO 28112 --- [TaskManager] [           main] com.zaxxer.hikari.HikariDataSource       : HikariPool-1 - Start completed.
2025-08-24T21:28:47.234+08:00  INFO 28112 --- [TaskManager] [           main] org.hibernate.orm.connections.pooling    : HHH10001005: Database info:
	Database JDBC URL [Connecting through datasource 'HikariDataSource (HikariPool-1)']
	Database driver: undefined/unknown
	Database version: 8.0.43
	Autocommit mode: undefined/unknown
	Isolation level: undefined/unknown
	Minimum pool size: undefined/unknown
	Maximum pool size: undefined/unknown
2025-08-24T21:28:47.839+08:00  INFO 28112 --- [TaskManager] [           main] o.h.e.t.j.p.i.JtaPlatformInitiator       : HHH000489: No JTA platform available (set 'hibernate.transaction.jta.platform' to enable JTA platform integration)
2025-08-24T21:28:47.876+08:00  INFO 28112 --- [TaskManager] [           main] j.LocalContainerEntityManagerFactoryBean : Initialized JPA EntityManagerFactory for persistence unit 'default'
2025-08-24T21:28:48.241+08:00  INFO 28112 --- [TaskManager] [           main] o.s.d.j.r.query.QueryEnhancerFactory     : Hibernate is in classpath; If applicable, HQL parser will be used.
2025-08-24T21:28:48.966+08:00  WARN 28112 --- [TaskManager] [           main] JpaBaseConfiguration$JpaWebConfiguration : spring.jpa.open-in-view is enabled by default. Therefore, database queries may be performed during view rendering. Explicitly configure spring.jpa.open-in-view to disable this warning
2025-08-24T21:28:49.415+08:00  INFO 28112 --- [TaskManager] [           main] c.w.t.TaskManagerApplicationTests        : Started TaskManagerApplicationTests in 4.258 seconds (process running for 5.111)
]]></system-out>
  </testcase>
</testsuite>