<?xml version="1.0" encoding="UTF-8"?>
<testsuite xmlns:xsi="http://www.w3.org/2001/XMLSchema-instance" xsi:noNamespaceSchemaLocation="https://maven.apache.org/surefire/maven-surefire-plugin/xsd/surefire-test-report.xsd" version="3.0.2" name="com.example.day12miniproject.Day12miniprojectApplicationTests" time="5.151" tests="1" errors="0" skipped="0" failures="0">
  <properties>
[...]
</properties>
  <testcase name="contextLoads" classname="com.example.day12miniproject.Day12miniprojectApplicationTests" time="0.541">
    <system-out><![CDATA[13:59:45.267 [main] INFO org.springframework.test.context.support.AnnotationConfigContextLoaderUtils -- Could not detect default configuration classes for test class [com.example.day12miniproject.Day12miniprojectApplicationTests]: Day12miniprojectApplicationTests does not declare any static, non-private, non-final, nested classes annotated with @Configuration.
13:59:45.379 [main] INFO org.springframework.boot.test.context.SpringBootTestContextBootstrapper -- Found @SpringBootConfiguration com.example.day12miniproject.Day12miniprojectApplication for test class com.example.day12miniproject.Day12miniprojectApplicationTests

  .   ____          _            __ _ _
 /\\ / ___'_ __ _ _(_)_ __  __ _ \ \ \ \
( ( )\___ | '_ | '_| | '_ \/ _` | \ \ \ \
 \\/  ___)| |_)| | | | | || (_| |  ) ) ) )
  '  |____| .__|_| |_|_| |_\__, | / / / /
 =========|_|==============|___/=/_/_/_/

 :: Spring Boot ::                (v3.5.4)

2025-08-20T13:59:45.805+08:00  INFO 32520 --- [day12miniproject] [           main] c.e.d.Day12miniprojectApplicationTests   : Starting Day12miniprojectApplicationTests using Java 17.0.16 with PID 32520 (started by CANONFR2 in C:\Users\canonfr2\Documents\Projects\OOCL_Team\day12\project_fullstack\day12miniproject)
2025-08-20T13:59:45.807+08:00  INFO 32520 --- [day12miniproject] [           main] c.e.d.Day12miniprojectApplicationTests   : No active profile set, falling back to 1 default profile: "default"
2025-08-20T13:59:46.459+08:00  INFO 32520 --- [day12miniproject] [           main] .s.d.r.c.RepositoryConfigurationDelegate : Bootstrapping Spring Data JPA repositories in DEFAULT mode.
2025-08-20T13:59:46.526+08:00  INFO 32520 --- [day12miniproject] [           main] .s.d.r.c.RepositoryConfigurationDelegate : Finished Spring Data repository scanning in 51 ms. Found 1 JPA repository interface.
2025-08-20T13:59:47.100+08:00  INFO 32520 --- [day12miniproject] [           main] o.hibernate.jpa.internal.util.LogHelper  : HHH000204: Processing PersistenceUnitInfo [name: default]
2025-08-20T13:59:47.189+08:00  INFO 32520 --- [day12miniproject] [           main] org.hibernate.Version                    : HHH000412: Hibernate ORM core version 6.6.22.Final
2025-08-20T13:59:47.219+08:00  INFO 32520 --- [day12miniproject] [           main] o.h.c.internal.RegionFactoryInitiator    : HHH000026: Second-level cache disabled
2025-08-20T13:59:47.596+08:00  INFO 32520 --- [day12miniproject] [           main] o.s.o.j.p.SpringPersistenceUnitInfo      : No LoadTimeWeaver setup: ignoring JPA class transformer
2025-08-20T13:59:47.624+08:00  INFO 32520 --- [day12miniproject] [           main] com.zaxxer.hikari.HikariDataSource       : HikariPool-1 - Starting...
2025-08-20T13:59:47.976+08:00  INFO 32520 --- [day12miniproject] [           main] com.zaxxer.hikari.pool.HikariPool        : HikariPool-1 - Added connection com.mysql.cj.jdbc.ConnectionImpl@4d825dbe
2025-08-20T13:59:47.976+08:00  INFO 32520 --- [day12miniproject] [           main] com.zaxxer.hikari.HikariDataSource       : HikariPool-1 - Start completed.
2025-08-20T13:59:48.015+08:00  WARN 32520 --- [day12miniproject] [           main] org.hibernate.orm.deprecation            : HHH90000025: MySQL8Dialect does not need to be specified explicitly using 'hibernate.dialect' (remove the property setting and it will be selected by default)
2025-08-20T13:59:48.015+08:00  WARN 32520 --- [day12miniproject] [           main] org.hibernate.orm.deprecation            : HHH90000026: MySQL8Dialect has been deprecated; use org.hibernate.dialect.MySQLDialect instead
2025-08-20T13:59:48.033+08:00  INFO 32520 --- [day12miniproject] [           main] org.hibernate.orm.connections.pooling    : HHH10001005: Database info:
	Database JDBC URL [Connecting through datasource 'HikariDataSource (HikariPool-1)']
	Database driver: undefined/unknown
	Database version: 8.0
	Autocommit mode: undefined/unknown
	Isolation level: undefined/unknown
	Minimum pool size: undefined/unknown
	Maximum pool size: undefined/unknown
2025-08-20T13:59:48.611+08:00  INFO 32520 --- [day12miniproject] [           main] o.h.e.t.j.p.i.JtaPlatformInitiator       : HHH000489: No JTA platform available (set 'hibernate.transaction.jta.platform' to enable JTA platform integration)
2025-08-20T13:59:48.653+08:00  INFO 32520 --- [day12miniproject] [           main] j.LocalContainerEntityManagerFactoryBean : Initialized JPA EntityManagerFactory for persistence unit 'default'
2025-08-20T13:59:49.073+08:00  WARN 32520 --- [day12miniproject] [           main] JpaBaseConfiguration$JpaWebConfiguration : spring.jpa.open-in-view is enabled by default. Therefore, database queries may be performed during view rendering. Explicitly configure spring.jpa.open-in-view to disable this warning
2025-08-20T13:59:49.712+08:00  INFO 32520 --- [day12miniproject] [           main] c.e.d.Day12miniprojectApplicationTests   : Started Day12miniprojectApplicationTests in 4.178 seconds (process running for 5.292)
]]></system-out>
    <system-err><![CDATA[SLF4J(W): Class path contains multiple SLF4J providers.
SLF4J(W): Found provider [ch.qos.logback.classic.spi.LogbackServiceProvider@2638011]
SLF4J(W): Found provider [org.slf4j.simple.SimpleServiceProvider@6ff29830]
SLF4J(W): See https://www.slf4j.org/codes.html#multiple_bindings for an explanation.
SLF4J(I): Actual provider is of type [ch.qos.logback.classic.spi.LogbackServiceProvider@2638011]
]]></system-err>
  </testcase>
</testsuite>